Change Component Designator: OldDesignator=P5 NewDesignator=P6
Change Component Designator: OldDesignator=P6 NewDesignator=P7
Added Component: Designator=P5(Battery 2)
Add component. Clean all parameters for all variants
Add component (AddParameter): Name = "LatestRevisionDate"; Value = "17-Jul-2002"; VariantName = "[No Variations]"
Add component (AddParameter): Name = "LatestRevisionNote"; Value = "Re-released for DXP Platform."; VariantName = "[No Variations]"
Add component (AddParameter): Name = "Publisher"; Value = "Altium Limited"; VariantName = "[No Variations]"
Added Pin To Net: NetName=LoadIN Pin=P5-2
Added Pin To Net: NetName=LoadIN Pin=P5-2
Added Pin To Net: NetName=LoadIN Pin=P5-2
Added Pin To Net: NetName=LoadIN Pin=P5-2
Added Pin To Net: NetName=LoadIN Pin=P5-2
Added Pin To Net: NetName=LoadIN Pin=P5-2
Added Pin To Net: NetName=LoadIN Pin=P5-2
Added Pin To Net: NetName=LoadIN Pin=P5-2
Added Pin To Net: NetName=LoadIN Pin=P5-2
Added Pin To Net: NetName=LoadIN Pin=P5-2
Added Pin To Net: NetName=LoadIN Pin=P5-2
Added Pin To Net: NetName=LoadOUT_1 Pin=P6-1
Added Pin To Net: NetName=LoadOUT_1 Pin=P6-1
Added Pin To Net: NetName=LoadOUT_1 Pin=P6-1
Added Pin To Net: NetName=LoadOUT_1 Pin=P6-1
Added Pin To Net: NetName=LoadOUT_1 Pin=P6-1
Added Pin To Net: NetName=LoadOUT_1 Pin=P6-1
Added Pin To Net: NetName=LoadOUT_1 Pin=P6-1
Added Pin To Net: NetName=LoadOUT_1 Pin=P6-1
Added Pin To Net: NetName=LoadOUT_1 Pin=P6-1
Added Pin To Net: NetName=LoadOUT_1 Pin=P6-1
Added Pin To Net: NetName=LoadOUT_1 Pin=P6-1
Added Pin To Net: NetName=LoadOUT_1 Pin=Q2-1
Added Net: Name=LoadOUT_1
Added Pin To Net: NetName=LoadOUT_2 Pin=P5-1
Added Pin To Net: NetName=LoadOUT_2 Pin=P5-1
Added Pin To Net: NetName=LoadOUT_2 Pin=P5-1
Added Pin To Net: NetName=LoadOUT_2 Pin=P5-1
Added Pin To Net: NetName=LoadOUT_2 Pin=P5-1
Added Pin To Net: NetName=LoadOUT_2 Pin=P5-1
Added Pin To Net: NetName=LoadOUT_2 Pin=P5-1
Added Pin To Net: NetName=LoadOUT_2 Pin=P5-1
Added Pin To Net: NetName=LoadOUT_2 Pin=P5-1
Added Pin To Net: NetName=LoadOUT_2 Pin=P5-1
Added Pin To Net: NetName=LoadOUT_2 Pin=P5-1
Added Pin To Net: NetName=LoadOUT_2 Pin=Q1-1
Added Net: Name=LoadOUT_2
Added Member To Class: ClassName=Ejection Member=Component P7 SERVO
Added Member To Class: ClassName=Ejection Member=Component U6 LM358
