Change Component Designator: OldDesignator=C19 NewDesignator=C20
Change Component Designator: OldDesignator=C20 NewDesignator=C21
Change Component Designator: OldDesignator=U6 NewDesignator=U7
Added Component: Designator=C19(0805-CAP)
Add component. Clean all parameters for all variants
Add component (AddParameter): Name = "LatestRevisionDate"; Value = "17-Jul-2002"; VariantName = "[No Variations]"
Add component (AddParameter): Name = "LatestRevisionNote"; Value = "Re-released for DXP Platform."; VariantName = "[No Variations]"
Add component (AddParameter): Name = "PackageDescription"; Value = "Radial Cap, Thru-Hole; 2 Leads; 0.3 in Pin Spacing"; VariantName = "[No Variations]"
Add component (AddParameter): Name = "PackageReference"; Value = "RAD-0.3"; VariantName = "[No Variations]"
Add component (AddParameter): Name = "Published"; Value = "8-Jun-2000"; VariantName = "[No Variations]"
Add component (AddParameter): Name = "Publisher"; Value = "Altium Limited"; VariantName = "[No Variations]"
Add component (AddParameter): Name = "Value"; Value = "0.1uF"; VariantName = "[No Variations]"
Added Component: Designator=P8(HDR1X3)
Add component. Clean all parameters for all variants
Add component (AddParameter): Name = "LatestRevisionDate"; Value = "17-Jul-2002"; VariantName = "[No Variations]"
Add component (AddParameter): Name = "LatestRevisionNote"; Value = "Re-released for DXP Platform."; VariantName = "[No Variations]"
Add component (AddParameter): Name = "Publisher"; Value = "Altium Limited"; VariantName = "[No Variations]"
Added Component: Designator=U6(MSOP10)
Add component. Clean all parameters for all variants
Added Pin To Net: NetName=VDD1 Pin=C19-1
Added Pin To Net: NetName=VSS1 Pin=C19-2
Added Pin To Net: NetName=VSS1 Pin=P8-1
Added Pin To Net: NetName=PWM_3 Pin=P8-3
Added Pin To Net: NetName=SCK Pin=U6-1
Added Pin To Net: NetName=CS2 Pin=U6-2
Added Pin To Net: NetName=VSS1 Pin=U6-3
Added Pin To Net: NetName=VDD1 Pin=U6-8
Added Pin To Net: NetName=MOSI Pin=U6-9
Added Pin To Net: NetName=MISO Pin=U6-10
Change Net Name : Old Net Name=NetC19_2 New Net Name=NetC20_2
Change Net Name : Old Net Name=NetC20_2 New Net Name=NetC21_2
Added Pin To Net: NetName=POWER_ON_1 Pin=P7-2
Added Pin To Net: NetName=POWER_ON_1 Pin=P8-2
Added Net: Name=POWER_ON_1
Added Member To Class: ClassName=Sensor Member=Component C19 Cap
Added Member To Class: ClassName=Ejection Member=Component P8 SERVO
Added Member To Class: ClassName=Sensor Member=Component U6 ADS1118
