Removed Pin From Net: NetName=VSS1 Pin=Q1-3
Removed Pin From Net: NetName=VSS1 Pin=Q2-3
Added Component: Designator=P?(Battery 2)
Add component. Clean all parameters for all variants
Add component (AddParameter): Name = "LatestRevisionDate"; Value = "17-Jul-2002"; VariantName = "[No Variations]"
Add component (AddParameter): Name = "LatestRevisionNote"; Value = "Re-released for DXP Platform."; VariantName = "[No Variations]"
Add component (AddParameter): Name = "Publisher"; Value = "Altium Limited"; VariantName = "[No Variations]"
Added Pin To Net: NetName=Mosfet GND Pin=P?-1
Added Pin To Net: NetName=Mosfet GND Pin=P?-1
Added Pin To Net: NetName=Mosfet GND Pin=P?-1
Added Pin To Net: NetName=Mosfet GND Pin=P?-1
Added Pin To Net: NetName=Mosfet GND Pin=P?-1
Added Pin To Net: NetName=Mosfet GND Pin=P?-1
Added Pin To Net: NetName=Mosfet GND Pin=P?-1
Added Pin To Net: NetName=Mosfet GND Pin=P?-1
Added Pin To Net: NetName=Mosfet GND Pin=P?-1
Added Pin To Net: NetName=Mosfet GND Pin=P?-1
Added Pin To Net: NetName=Mosfet GND Pin=P?-1
Added Pin To Net: NetName=Mosfet GND Pin=P?-2
Added Pin To Net: NetName=Mosfet GND Pin=P?-2
Added Pin To Net: NetName=Mosfet GND Pin=P?-2
Added Pin To Net: NetName=Mosfet GND Pin=P?-2
Added Pin To Net: NetName=Mosfet GND Pin=P?-2
Added Pin To Net: NetName=Mosfet GND Pin=P?-2
Added Pin To Net: NetName=Mosfet GND Pin=P?-2
Added Pin To Net: NetName=Mosfet GND Pin=P?-2
Added Pin To Net: NetName=Mosfet GND Pin=P?-2
Added Pin To Net: NetName=Mosfet GND Pin=P?-2
Added Pin To Net: NetName=Mosfet GND Pin=P?-2
Added Pin To Net: NetName=Mosfet GND Pin=Q1-3
Added Pin To Net: NetName=Mosfet GND Pin=Q2-3
Added Net: Name=Mosfet GND
Added Member To Class: ClassName=Ejection Member=Component P? Header 2
