Removed Pin From Net: NetName=ADCOUT_0 Pin=U5-4
Removed Pin From Net: NetName=ADCOUT_1 Pin=U5-5
Removed Pin From Net: NetName=ADCOUT_3 Pin=U5-6
Removed Pin From Net: NetName=ADCOUT_2 Pin=U5-7
Removed Member From Class: ClassName=Sensor Member=C26
Removed Member From Class: ClassName=Sensor Member=C27
Removed Member From Class: ClassName=Sensor Member=R15
Removed Member From Class: ClassName=Sensor Member=R16
Removed Member From Class: ClassName=Sensor Member=R17
Removed Member From Class: ClassName=Sensor Member=R18
Added Component: Designator=P5(Box 6 Pin Header)
Add component. Clean all parameters for all variants
Add component (AddParameter): Name = "LatestRevisionDate"; Value = "17-Jul-2002"; VariantName = "[No Variations]"
Add component (AddParameter): Name = "LatestRevisionNote"; Value = "Re-released for DXP Platform."; VariantName = "[No Variations]"
Add component (AddParameter): Name = "Publisher"; Value = "Altium Limited"; VariantName = "[No Variations]"
Added Pin To Net: NetName=VSS1 Pin=P5-1
Added Pin To Net: NetName=ADCIN_0 Pin=P5-2
Added Pin To Net: NetName=ADCIN_1 Pin=P5-3
Added Pin To Net: NetName=ADCIN_2 Pin=P5-4
Added Pin To Net: NetName=ADCIN_3 Pin=P5-5
Added Pin To Net: NetName=VSS1 Pin=P5-6
Added Pin To Net: NetName=ADCOUT_0 Pin=U7-4
Added Pin To Net: NetName=ADCOUT_1 Pin=U7-5
Added Pin To Net: NetName=ADCOUT_3 Pin=U7-6
Added Pin To Net: NetName=ADCOUT_2 Pin=U7-7
Added Member To Class: ClassName=Sensor Member=Component C22 Cap
Added Member To Class: ClassName=Sensor Member=Component C23 Cap
Added Member To Class: ClassName=Sensor Member=Component P5 Header 6
Added Member To Class: ClassName=Sensor Member=Component R11 Res1
Added Member To Class: ClassName=Sensor Member=Component R12 Res1
Added Member To Class: ClassName=Sensor Member=Component R13 Res1
Added Member To Class: ClassName=Sensor Member=Component R14 Res1
