Removed Member From Class: ClassName=Sensor Member=C22
Removed Member From Class: ClassName=Sensor Member=C23
Removed Member From Class: ClassName=Sensor Member=U8
Change Component Designator: OldDesignator=P5 NewDesignator=P6
Change Component Designator: OldDesignator=P6 NewDesignator=P7
Change Component Designator: OldDesignator=P7 NewDesignator=P8
Change Component Designator: OldDesignator=P8 NewDesignator=P9
Added Component: Designator=P5(Box 6 Pin Header)
Add component. Clean all parameters for all variants
Add component (AddParameter): Name = "LatestRevisionDate"; Value = "17-Jul-2002"; VariantName = "[No Variations]"
Add component (AddParameter): Name = "LatestRevisionNote"; Value = "Re-released for DXP Platform."; VariantName = "[No Variations]"
Add component (AddParameter): Name = "Publisher"; Value = "Altium Limited"; VariantName = "[No Variations]"
Added Pin To Net: NetName=VSS1 Pin=P5-1
Added Pin To Net: NetName=VSS1 Pin=P5-6
Added Pin To Net: NetName=ADC_0 Pin=P5-2
Added Pin To Net: NetName=ADC_0 Pin=U5-4
Added Net: Name=ADC_0
Added Pin To Net: NetName=ADC_1 Pin=P5-3
Added Pin To Net: NetName=ADC_1 Pin=U5-5
Added Net: Name=ADC_1
Added Pin To Net: NetName=ADC_2 Pin=P5-4
Added Pin To Net: NetName=ADC_2 Pin=U5-6
Added Net: Name=ADC_2
Added Pin To Net: NetName=ADC_3 Pin=P5-5
Added Pin To Net: NetName=ADC_3 Pin=U5-7
Added Net: Name=ADC_3
Added Member To Class: ClassName=MCU Member=Component C3 Cap Pol1
Added Member To Class: ClassName=Sensor Member=Component C20 Cap
Added Member To Class: ClassName=Sensor Member=Component C21 Cap
Added Member To Class: ClassName=Sensor Member=Component P5 Header 6
Added Member To Class: ClassName=Sensor Member=Component U6 BMI160 IMU Sensor
