Removed Pin From Net: NetName=CS2 Pin=U6-2
Change Component Designator: OldDesignator=C20 NewDesignator=C22
Change Component Designator: OldDesignator=C21 NewDesignator=C23
Change Component Designator: OldDesignator=U6 NewDesignator=U7
Change Component Designator: OldDesignator=U7 NewDesignator=U8
Added Component: Designator=C20(0805-CAP)
Add component. Clean all parameters for all variants
Add component (AddParameter): Name = "LatestRevisionDate"; Value = "17-Jul-2002"; VariantName = "[No Variations]"
Add component (AddParameter): Name = "LatestRevisionNote"; Value = "Re-released for DXP Platform."; VariantName = "[No Variations]"
Add component (AddParameter): Name = "PackageDescription"; Value = "Radial Cap, Thru-Hole; 2 Leads; 0.3 in Pin Spacing"; VariantName = "[No Variations]"
Add component (AddParameter): Name = "PackageReference"; Value = "RAD-0.3"; VariantName = "[No Variations]"
Add component (AddParameter): Name = "Published"; Value = "8-Jun-2000"; VariantName = "[No Variations]"
Add component (AddParameter): Name = "Publisher"; Value = "Altium Limited"; VariantName = "[No Variations]"
Add component (AddParameter): Name = "Value"; Value = "100nF"; VariantName = "[No Variations]"
Added Component: Designator=C21(0805-CAP)
Add component. Clean all parameters for all variants
Add component (AddParameter): Name = "LatestRevisionDate"; Value = "17-Jul-2002"; VariantName = "[No Variations]"
Add component (AddParameter): Name = "LatestRevisionNote"; Value = "Re-released for DXP Platform."; VariantName = "[No Variations]"
Add component (AddParameter): Name = "PackageDescription"; Value = "Radial Cap, Thru-Hole; 2 Leads; 0.3 in Pin Spacing"; VariantName = "[No Variations]"
Add component (AddParameter): Name = "PackageReference"; Value = "RAD-0.3"; VariantName = "[No Variations]"
Add component (AddParameter): Name = "Published"; Value = "8-Jun-2000"; VariantName = "[No Variations]"
Add component (AddParameter): Name = "Publisher"; Value = "Altium Limited"; VariantName = "[No Variations]"
Add component (AddParameter): Name = "Value"; Value = "100nF"; VariantName = "[No Variations]"
Added Component: Designator=U6(BMI160)
Add component. Clean all parameters for all variants
Added Pin To Net: NetName=VDD1 Pin=C20-1
Added Pin To Net: NetName=VSS1 Pin=C20-2
Added Pin To Net: NetName=VDD1 Pin=C21-1
Added Pin To Net: NetName=VSS1 Pin=C21-2
Added Pin To Net: NetName=MISO Pin=U6-1
Added Pin To Net: NetName=VDD1 Pin=U6-5
Added Pin To Net: NetName=VSS1 Pin=U6-6
Added Pin To Net: NetName=VSS1 Pin=U6-7
Added Pin To Net: NetName=VDD1 Pin=U6-8
Added Pin To Net: NetName=SCK Pin=U6-13
Added Pin To Net: NetName=MOSI Pin=U6-14
Change Net Name : Old Net Name=NetC20_2 New Net Name=NetC22_2
Change Net Name : Old Net Name=NetC21_2 New Net Name=NetC23_2
Added Pin To Net: NetName=CS3 Pin=U7-2
Added Net: Name=CS3
Added Pin To Net: NetName=CS4 Pin=U6-12
Added Net: Name=CS4
Added Member To Class: ClassName=Sensor Member=Component C19 Cap
Added Member To Class: ClassName=Sensor Member=Component C21 Cap
Added Member To Class: ClassName=Sensor Member=Component U6 BMI160 IMU Sensor
