Removed Member From Class: ClassName=Sensor Member=C20
Removed Member From Class: ClassName=Power Member=D4
Removed Member From Class: ClassName=Power Member=D5
Removed Member From Class: ClassName=Power Member=R13
Removed Member From Class: ClassName=Communacation Member=R16
Added Component: Designator=R2(0805-RES)
Add component. Clean all parameters for all variants
Add component (AddParameter): Name = "LatestRevisionDate"; Value = "17-Jul-2002"; VariantName = "[No Variations]"
Add component (AddParameter): Name = "LatestRevisionNote"; Value = "Re-released for DXP Platform."; VariantName = "[No Variations]"
Add component (AddParameter): Name = "PackageDescription"; Value = "Axial Device, Thru-Hole; 2 Leads; 0.3 in Pin Spacing"; VariantName = "[No Variations]"
Add component (AddParameter): Name = "PackageReference"; Value = "AXIAL-0.3"; VariantName = "[No Variations]"
Add component (AddParameter): Name = "Published"; Value = "8-Jun-2000"; VariantName = "[No Variations]"
Add component (AddParameter): Name = "Publisher"; Value = "Altium Limited"; VariantName = "[No Variations]"
Add component (AddParameter): Name = "Value"; Value = "10K"; VariantName = "[No Variations]"
Added Pin To Net: NetName=VSS1 Pin=R2-1
Added Pin To Net: NetName=BOOT0 Pin=R2-2
Added Member To Class: ClassName=Sensor Member=Component C18 Cap
Added Member To Class: ClassName=Power Member=Component D2 LED0
Added Member To Class: ClassName=MCU Member=Component R2 Res1
Added Member To Class: ClassName=Communacation Member=Component R14 Res1
