Added Component: Designator=P?(Battery 2)
Add component. Clean all parameters for all variants
Add component (AddParameter): Name = "LatestRevisionDate"; Value = "17-Jul-2002"; VariantName = "[No Variations]"
Add component (AddParameter): Name = "LatestRevisionNote"; Value = "Re-released for DXP Platform."; VariantName = "[No Variations]"
Add component (AddParameter): Name = "Publisher"; Value = "Altium Limited"; VariantName = "[No Variations]"
Added Pin To Net: NetName=LoadOUT Pin=P?-1
Added Pin To Net: NetName=LoadOUT Pin=P?-1
Added Pin To Net: NetName=LoadOUT Pin=P?-1
Added Pin To Net: NetName=LoadOUT Pin=P?-1
Added Pin To Net: NetName=LoadOUT Pin=P?-1
Added Pin To Net: NetName=LoadOUT Pin=P?-1
Added Pin To Net: NetName=LoadOUT Pin=P?-1
Added Pin To Net: NetName=LoadOUT Pin=P?-1
Added Pin To Net: NetName=LoadOUT Pin=P?-1
Added Pin To Net: NetName=LoadOUT Pin=P?-1
Added Pin To Net: NetName=LoadOUT Pin=P?-1
Added Pin To Net: NetName=LoadIN Pin=P?-2
Added Pin To Net: NetName=LoadIN Pin=P?-2
Added Pin To Net: NetName=LoadIN Pin=P?-2
Added Pin To Net: NetName=LoadIN Pin=P?-2
Added Pin To Net: NetName=LoadIN Pin=P?-2
Added Pin To Net: NetName=LoadIN Pin=P?-2
Added Pin To Net: NetName=LoadIN Pin=P?-2
Added Pin To Net: NetName=LoadIN Pin=P?-2
Added Pin To Net: NetName=LoadIN Pin=P?-2
Added Pin To Net: NetName=LoadIN Pin=P?-2
Added Pin To Net: NetName=LoadIN Pin=P?-2
Added Member To Class: ClassName=Ejection Member=Component P? Header 2
