Removed Pin From Net: NetName=LoadIN Pin=C19-1
Removed Pin From Net: NetName=VSS1 Pin=C19-2
Removed Pin From Net: NetName=5V Pin=C20-1
Removed Pin From Net: NetName=VSS1 Pin=C20-2
Removed Pin From Net: NetName=LoadIN Pin=C21-1
Removed Pin From Net: NetName=VSS1 Pin=C21-2
Removed Pin From Net: NetName=5V Pin=C22-1
Removed Pin From Net: NetName=VSS1 Pin=C22-2
Removed Pin From Net: NetName=5V Pin=U6-8
Removed Member From Class: ClassName=Ejection Member=C19
Removed Member From Class: ClassName=Ejection Member=C20
Removed Member From Class: ClassName=Ejection Member=C21
Removed Member From Class: ClassName=Ejection Member=C22
Added Component: Designator=P5(Box 6 Pin Header)
Add component. Clean all parameters for all variants
Add component (AddParameter): Name = "LatestRevisionDate"; Value = "17-Jul-2002"; VariantName = "[No Variations]"
Add component (AddParameter): Name = "LatestRevisionNote"; Value = "Re-released for DXP Platform."; VariantName = "[No Variations]"
Add component (AddParameter): Name = "Publisher"; Value = "Altium Limited"; VariantName = "[No Variations]"
Added Pin To Net: NetName=LoadOUT Pin=P5-1
Added Pin To Net: NetName=LoadOUT Pin=P5-2
Added Pin To Net: NetName=LoadOUT Pin=P5-3
Added Pin To Net: NetName=LoadIN Pin=P5-4
Added Pin To Net: NetName=LoadIN Pin=P5-5
Added Pin To Net: NetName=LoadIN Pin=P5-6
Added Pin To Net: NetName=BAT Pin=U6-8
Added Net: Name=BAT
Added Member To Class: ClassName=Ejection Member=Component P5 Header 6
